[2023-04-25T16:13:29.870] [INFO] default - ::1 - - "POST /cmd/deploy HTTP/1.1" 200 132 "" "PostmanRuntime/7.32.2"
[2023-04-25T16:13:50.900] [INFO] default - ::1 - - "POST /user/login HTTP/1.1" 200 234 "" "PostmanRuntime/7.32.2"
[2023-04-25T16:14:01.106] [INFO] default - ::1 - - "POST /cmd/deploy HTTP/1.1" 200 87 "" "PostmanRuntime/7.32.2"
[2023-04-25T16:15:11.267] [INFO] default - ::1 - - "POST /cmd/deploy HTTP/1.1" 200 73 "" "PostmanRuntime/7.32.2"
[2023-04-25T16:15:32.002] [INFO] default - ::1 - - "POST /cmd/deploy HTTP/1.1" 200 40 "" "PostmanRuntime/7.32.2"
[2023-04-25T18:03:43.697] [INFO] default - ::1 - - "POST /cmd/deploy HTTP/1.1" 200 40 "" "PostmanRuntime/7.32.2"
[2023-04-25T18:05:32.276] [INFO] default - ::1 - - "POST /project/create HTTP/1.1" 200 132 "" "PostmanRuntime/7.32.2"
[2023-04-25T18:05:36.820] [INFO] default - ::1 - - "POST /user/login HTTP/1.1" 200 234 "" "PostmanRuntime/7.32.2"
[2023-04-25T18:06:03.209] [INFO] default - ::1 - - "POST /project/create HTTP/1.1" 200 40 "" "PostmanRuntime/7.32.2"
[2023-04-25T18:06:23.598] [INFO] default - ::1 - - "GET /project/getProject HTTP/1.1" 200 132 "" "PostmanRuntime/7.32.2"
[2023-04-25T18:06:27.530] [INFO] default - ::1 - - "GET /project/getProject HTTP/1.1" 200 944 "" "PostmanRuntime/7.32.2"
[2023-04-25T19:06:06.620] [INFO] default - ::1 - - "POST /cmd/deploy HTTP/1.1" 200 40 "" "PostmanRuntime/7.32.2"
[2023-04-25T19:09:38.215] [INFO] default - ::1 - - "GET /project/getProject HTTP/1.1" 200 944 "" "PostmanRuntime/7.32.2"
[2023-04-25T19:10:12.857] [INFO] default - ::1 - - "GET /project/getProject HTTP/1.1" 200 263 "" "PostmanRuntime/7.32.2"
[2023-04-25T19:14:05.535] [INFO] default - ::1 - - "POST /project/create HTTP/1.1" 200 77 "" "PostmanRuntime/7.32.2"
[2023-04-25T19:14:42.943] [INFO] default - ::1 - - "POST /project/create HTTP/1.1" 200 77 "" "PostmanRuntime/7.32.2"
[2023-04-25T19:15:07.690] [INFO] default - ::1 - - "POST /project/create HTTP/1.1" 200 77 "" "PostmanRuntime/7.32.2"
[2023-04-25T19:15:48.122] [INFO] default - ::1 - - "POST /project/create HTTP/1.1" 200 40 "" "PostmanRuntime/7.32.2"
[2023-04-25T19:17:25.306] [INFO] default - ::1 - - "POST /cmd/deploy HTTP/1.1" 200 40 "" "PostmanRuntime/7.32.2"
[2023-04-25T19:18:26.240] [INFO] default - ::1 - - "POST /cmd/deploy HTTP/1.1" 200 40 "" "PostmanRuntime/7.32.2"
[2023-04-25T20:49:02.014] [INFO] default - ::1 - - "POST /cmd/deploy HTTP/1.1" 200 40 "" "PostmanRuntime/7.32.2"
[2023-04-25T20:50:37.805] [INFO] default - ::1 - - "POST /cmd/deploy HTTP/1.1" 200 40 "" "PostmanRuntime/7.32.2"
[2023-04-25T21:09:33.639] [INFO] default - ::1 - - "POST /cmd/deploy HTTP/1.1" 200 40 "" "PostmanRuntime/7.32.2"
[2023-04-25T21:13:40.041] [INFO] default - ::1 - - "GET /project/getProject HTTP/1.1" 200 567 "" "PostmanRuntime/7.32.2"
[2023-04-25T21:16:24.047] [INFO] default - ::1 - - "POST /cmd/deploy HTTP/1.1" 200 132 "" "PostmanRuntime/7.32.2"
[2023-04-25T21:17:14.511] [INFO] default - ::1 - - "POST /user/login HTTP/1.1" 200 234 "" "PostmanRuntime/7.32.2"
[2023-04-25T21:17:25.294] [INFO] default - ::1 - - "POST /cmd/deploy HTTP/1.1" 200 40 "" "PostmanRuntime/7.32.2"
[2023-04-25T21:26:44.346] [INFO] default - ::1 - - "POST /cmd/deploy HTTP/1.1" 200 40 "" "PostmanRuntime/7.32.2"
[2023-04-25T21:29:22.277] [INFO] default - ::1 - - "POST /cmd/deploy HTTP/1.1" 200 40 "" "PostmanRuntime/7.32.2"
[2023-04-25T21:32:35.684] [INFO] default - ::1 - - "POST /cmd/deploy HTTP/1.1" 200 40 "" "PostmanRuntime/7.32.2"
[2023-04-25T21:36:28.577] [INFO] default - ::1 - - "POST /cmd/deploy HTTP/1.1" 200 40 "" "PostmanRuntime/7.32.2"
[2023-04-25T21:44:37.148] [INFO] default - ::1 - - "POST /cmd/deploy HTTP/1.1" 200 40 "" "PostmanRuntime/7.32.2"
[2023-04-25T21:46:21.033] [INFO] default - ::1 - - "POST /cmd/deploy HTTP/1.1" 200 40 "" "PostmanRuntime/7.32.2"
[2023-04-25T21:47:42.625] [INFO] default - ::1 - - "POST /cmd/deploy HTTP/1.1" 200 40 "" "PostmanRuntime/7.32.2"
[2023-04-25T21:50:15.522] [INFO] default - ::1 - - "POST /cmd/deploy HTTP/1.1" 200 40 "" "PostmanRuntime/7.32.2"
[2023-04-25T21:52:44.216] [INFO] default - ::1 - - "POST /cmd/deploy HTTP/1.1" 200 40 "" "PostmanRuntime/7.32.2"
[2023-04-25T21:56:12.454] [INFO] default - ::1 - - "POST /cmd/deploy HTTP/1.1" 200 40 "" "PostmanRuntime/7.32.2"
[2023-04-25T22:00:42.778] [INFO] default - ::1 - - "POST /cmd/deploy HTTP/1.1" 200 40 "" "PostmanRuntime/7.32.2"
[2023-04-25T22:07:00.215] [INFO] default - ::1 - - "POST /cmd/deploy HTTP/1.1" 200 40 "" "PostmanRuntime/7.32.2"
[2023-04-25T22:10:38.028] [INFO] default - ::1 - - "POST /cmd/deploy HTTP/1.1" 200 40 "" "PostmanRuntime/7.32.2"
[2023-04-25T22:15:28.600] [INFO] default - ::1 - - "POST /cmd/deploy HTTP/1.1" 200 40 "" "PostmanRuntime/7.32.2"
[2023-04-25T22:19:35.739] [INFO] default - ::1 - - "POST /cmd/deploy HTTP/1.1" 200 40 "" "PostmanRuntime/7.32.2"
[2023-04-25T22:22:36.352] [INFO] default - ::1 - - "POST /cmd/deploy HTTP/1.1" 200 40 "" "PostmanRuntime/7.32.2"
[2023-04-25T22:36:14.629] [INFO] default - ::1 - - "POST /cmd/deploy HTTP/1.1" 200 40 "" "PostmanRuntime/7.32.2"
[2023-04-25T23:06:57.676] [INFO] default - ::1 - - "POST /cmd/deploy HTTP/1.1" 204 - "" "PostmanRuntime/7.32.2"
[2023-04-25T23:11:40.590] [INFO] default - ::1 - - "POST /cmd/deploy HTTP/1.1" 200 40 "" "PostmanRuntime/7.32.2"
[2023-04-25T23:14:33.869] [INFO] default - ::1 - - "POST /cmd/deploy HTTP/1.1" 200 40 "" "PostmanRuntime/7.32.2"
[2023-04-25T23:14:53.635] [INFO] default - ::1 - - "POST /cmd/deploy HTTP/1.1" 200 40 "" "PostmanRuntime/7.32.2"
[2023-04-25T23:18:35.275] [INFO] default - ::1 - - "POST /cmd/deploy HTTP/1.1" 200 40 "" "PostmanRuntime/7.32.2"
[2023-04-25T23:26:12.067] [INFO] default - ::1 - - "POST /cmd/deploy HTTP/1.1" 200 40 "" "PostmanRuntime/7.32.2"
[2023-04-25T23:30:05.492] [INFO] default - ::1 - - "POST /cmd/deploy HTTP/1.1" 200 40 "" "PostmanRuntime/7.32.2"
[2023-04-25T23:34:34.407] [INFO] default - ::1 - - "GET /logs/getlogs?projectId=64468235cfaecc9d4c3878cc HTTP/1.1" 200 87 "" "PostmanRuntime/7.32.2"
[2023-04-25T23:34:48.112] [INFO] default - ::1 - - "GET /logs/getlogs?projectId=64468235cfaecc9d4c3878cc HTTP/1.1" 200 87 "" "PostmanRuntime/7.32.2"
[2023-04-25T23:35:22.245] [INFO] default - ::1 - - "GET /logs/getlogs?projectId=64468235cfaecc9d4c3878cc HTTP/1.1" 200 87 "" "PostmanRuntime/7.32.2"
[2023-04-25T23:35:42.551] [INFO] default - ::1 - - "GET /logs/getlogs?projectId=64468235cfaecc9d4c3878cc HTTP/1.1" 200 87 "" "PostmanRuntime/7.32.2"
[2023-04-25T23:36:07.548] [INFO] default - ::1 - - "GET /logs/getlogs?projectId=64468235cfaecc9d4c3878cc HTTP/1.1" 200 87 "" "PostmanRuntime/7.32.2"
[2023-04-25T23:36:25.846] [INFO] default - ::1 - - "GET /logs/getlogs?projectId=64468235cfaecc9d4c3878cc HTTP/1.1" 200 87 "" "PostmanRuntime/7.32.2"
[2023-04-25T23:36:36.489] [INFO] default - ::1 - - "GET /logs/getlogs?projectId=64468235cfaecc9d4c3878cc HTTP/1.1" 200 87 "" "PostmanRuntime/7.32.2"
[2023-04-25T23:36:52.444] [INFO] default - ::1 - - "GET /logs/getlogs?projectId=64468235cfaecc9d4c3878cc HTTP/1.1" 200 87 "" "PostmanRuntime/7.32.2"
[2023-04-25T23:40:18.493] [INFO] default - ::1 - - "GET /logs/getlogs?projectId=64468235cfaecc9d4c3878cc HTTP/1.1" 200 87 "" "PostmanRuntime/7.32.2"
[2023-04-26T09:38:31.478] [INFO] default - ::1 - - "GET /logs/getlogs?projectId=64468235cfaecc9d4c3878cc HTTP/1.1" 200 87 "" "PostmanRuntime/7.32.2"
[2023-04-26T09:40:24.309] [INFO] default - ::1 - - "GET /logs/getlogs?projectId=64468235cfaecc9d4c3878cc HTTP/1.1" 200 87 "" "PostmanRuntime/7.32.2"
[2023-04-26T09:41:24.523] [INFO] default - ::1 - - "GET /logs/getlogs?projectId=64468235cfaecc9d4c3878cc HTTP/1.1" 200 40 "" "PostmanRuntime/7.32.2"
[2023-04-26T09:42:11.269] [INFO] default - ::1 - - "GET /logs/getlogs?projectId=64468235cfaecc9d4c3878cc HTTP/1.1" 200 40 "" "PostmanRuntime/7.32.2"
[2023-04-26T09:42:15.892] [INFO] default - ::1 - - "GET /logs/getlogs?projectId=64468235cfaecc9d4c3878cc HTTP/1.1" 200 40 "" "PostmanRuntime/7.32.2"
[2023-04-26T09:42:32.811] [INFO] default - ::1 - - "GET /logs/getlogs?projectId=64468235cfaecc9d4c3878cc HTTP/1.1" 200 40 "" "PostmanRuntime/7.32.2"
[2023-04-26T09:43:31.408] [INFO] default - ::1 - - "GET /logs/getlogs?projectId=64468235cfaecc9d4c3878cc HTTP/1.1" 200 40 "" "PostmanRuntime/7.32.2"
[2023-04-26T09:44:06.168] [INFO] default - ::1 - - "GET /logs/getlogs?projectId=64468235cfaecc9d4c3878cc HTTP/1.1" 200 40 "" "PostmanRuntime/7.32.2"
[2023-04-26T09:44:33.271] [INFO] default - ::1 - - "GET /logs/getlogs?projectId=64468235cfaecc9d4c3878cc HTTP/1.1" 200 40 "" "PostmanRuntime/7.32.2"
[2023-04-26T09:44:34.744] [INFO] default - ::1 - - "GET /logs/getlogs?projectId=64468235cfaecc9d4c3878cc HTTP/1.1" 200 40 "" "PostmanRuntime/7.32.2"
[2023-04-26T09:44:42.687] [INFO] default - ::1 - - "POST /cmd/deploy HTTP/1.1" 200 132 "" "PostmanRuntime/7.32.2"
[2023-04-26T09:44:48.556] [INFO] default - ::1 - - "POST /user/login HTTP/1.1" 200 234 "" "PostmanRuntime/7.32.2"
[2023-04-26T09:44:59.417] [INFO] default - ::1 - - "POST /cmd/deploy HTTP/1.1" 200 40 "" "PostmanRuntime/7.32.2"
[2023-04-26T09:45:23.217] [INFO] default - ::1 - - "GET /project/getProject HTTP/1.1" 200 132 "" "PostmanRuntime/7.32.2"
[2023-04-26T09:45:28.302] [INFO] default - ::1 - - "GET /project/getProject HTTP/1.1" 200 567 "" "PostmanRuntime/7.32.2"
[2023-04-26T09:45:37.891] [INFO] default - ::1 - - "GET /logs/getlogs?projectId=64468235cfaecc9d4c3878cc HTTP/1.1" 200 40 "" "PostmanRuntime/7.32.2"
[2023-04-26T09:55:51.447] [INFO] default - ::1 - - "GET /logs/getlogs?projectId=64468235cfaecc9d4c3878cc HTTP/1.1" 200 40 "" "PostmanRuntime/7.32.2"
[2023-04-26T09:56:46.368] [INFO] default - ::1 - - "GET /logs/getlogs?projectId=64468235cfaecc9d4c3878cc HTTP/1.1" 200 40 "" "PostmanRuntime/7.32.2"
[2023-04-26T09:57:10.086] [INFO] default - ::1 - - "GET /logs/getlogs?projectId=64468235cfaecc9d4c3878cc HTTP/1.1" 200 40 "" "PostmanRuntime/7.32.2"
[2023-04-26T09:57:43.762] [INFO] default - ::1 - - "GET /logs/getlogs?projectId=64468235cfaecc9d4c3878cc HTTP/1.1" 200 10182 "" "PostmanRuntime/7.32.2"
[2023-04-26T10:03:28.047] [INFO] default - ::1 - - "GET /logs/getlogs?projectId=64468235cfaecc9d4c3878cc HTTP/1.1" 200 40 "" "PostmanRuntime/7.32.2"
[2023-04-26T10:03:29.592] [INFO] default - ::1 - - "GET /logs/getlogs?projectId=64468235cfaecc9d4c3878cc HTTP/1.1" 200 40 "" "PostmanRuntime/7.32.2"
[2023-04-26T10:07:15.519] [INFO] default - ::1 - - "GET /logs/getlogs?projectId=64468235cfaecc9d4c3878cc HTTP/1.1" 200 40 "" "PostmanRuntime/7.32.2"
[2023-04-26T10:07:28.073] [INFO] default - ::1 - - "GET /logs/getlogs?projectId=64468235cfaecc9d4c3878cc HTTP/1.1" 200 10182 "" "PostmanRuntime/7.32.2"
[2023-04-26T10:11:11.587] [INFO] default - ::1 - - "GET /logs/getlogs?projectId=64468235cfaecc9d4c3878cc HTTP/1.1" 200 10182 "" "PostmanRuntime/7.32.2"
[2023-04-26T10:11:38.005] [INFO] default - ::1 - - "GET /logs/getlogs?projectId=64468235cfaecc9d4c3878cc HTTP/1.1" 200 454 "" "PostmanRuntime/7.32.2"
[2023-04-26T10:12:04.782] [INFO] default - ::1 - - "GET /project/getProject HTTP/1.1" 200 567 "" "PostmanRuntime/7.32.2"
[2023-04-26T10:12:13.235] [INFO] default - ::1 - - "GET /logs/getlogs?projectId=64468235cfaecc9d4c3878cc HTTP/1.1" 200 454 "" "PostmanRuntime/7.32.2"
[2023-04-26T10:14:49.032] [INFO] default - ::1 - - "POST /cmd/deploy HTTP/1.1" 200 40 "" "PostmanRuntime/7.32.2"
[2023-04-26T10:17:12.460] [INFO] default - ::1 - - "POST /cmd/deploy HTTP/1.1" 200 40 "" "PostmanRuntime/7.32.2"
[2023-04-26T10:17:50.087] [INFO] default - ::1 - - "GET /logs/getlogs?projectId=64468235cfaecc9d4c3878cc HTTP/1.1" 200 245 "" "PostmanRuntime/7.32.2"
[2023-04-26T10:18:12.701] [INFO] default - ::1 - - "POST /cmd/deploy HTTP/1.1" 200 40 "" "PostmanRuntime/7.32.2"
[2023-04-26T10:18:50.703] [INFO] default - ::1 - - "POST /cmd/deploy HTTP/1.1" 200 40 "" "PostmanRuntime/7.32.2"
[2023-04-26T10:21:46.945] [INFO] default - ::1 - - "GET /logs/getlogs?projectId=64468235cfaecc9d4c3878cc HTTP/1.1" 200 453 "" "PostmanRuntime/7.32.2"
[2023-04-26T10:22:04.607] [INFO] default - ::1 - - "GET /logs/getLogDetail?logId=644889e4e50ab13539f23748 HTTP/1.1" 200 87 "" "PostmanRuntime/7.32.2"
[2023-04-26T10:23:34.455] [INFO] default - ::1 - - "GET /logs/getLogDetail?logId=644889e4e50ab13539f23748 HTTP/1.1" 200 40 "" "PostmanRuntime/7.32.2"
[2023-04-26T10:23:58.566] [INFO] default - ::1 - - "GET /logs/getLogDetail?logId=644889e4e50ab13539f23748 HTTP/1.1" 200 40 "" "PostmanRuntime/7.32.2"
[2023-04-26T10:24:02.983] [INFO] default - ::1 - - "GET /logs/getLogDetail?logId=644889e4e50ab13539f23748 HTTP/1.1" 200 40 "" "PostmanRuntime/7.32.2"
[2023-04-26T10:24:57.836] [INFO] default - ::1 - - "GET /logs/getLogDetail?logId=644889e4e50ab13539f23748 HTTP/1.1" 200 245 "" "PostmanRuntime/7.32.2"
[2023-04-26T10:25:09.632] [INFO] default - ::1 - - "GET /logs/getLogDetail?logId=644889e4e50ab13539f23748 HTTP/1.1" 200 4941 "" "PostmanRuntime/7.32.2"
[2023-04-26T10:26:01.670] [INFO] default - ::1 - - "GET /logs/getLogDetail?logId=644889e4e50ab13539f23748 HTTP/1.1" 200 40 "" "PostmanRuntime/7.32.2"
[2023-04-26T10:26:03.487] [INFO] default - ::1 - - "GET /logs/getLogDetail?logId=644889e4e50ab13539f23748 HTTP/1.1" 200 40 "" "PostmanRuntime/7.32.2"
[2023-04-26T10:27:09.810] [INFO] default - ::1 - - "GET /logs/getLogDetail?logId=644889e4e50ab13539f23748 HTTP/1.1" 200 40 "" "PostmanRuntime/7.32.2"
[2023-04-26T10:27:43.409] [INFO] default - ::1 - - "GET /logs/getLogDetail?logId=644889e4e50ab13539f23748 HTTP/1.1" 200 4939 "" "PostmanRuntime/7.32.2"
[2023-04-26T10:34:06.315] [INFO] default - ::1 - - "POST /cmd/rollback HTTP/1.1" 200 132 "" "PostmanRuntime/7.32.2"
[2023-04-26T10:34:10.145] [INFO] default - ::1 - - "POST /user/login HTTP/1.1" 200 234 "" "PostmanRuntime/7.32.2"
[2023-04-26T10:34:19.802] [INFO] default - ::1 - - "POST /cmd/rollback HTTP/1.1" 200 87 "" "PostmanRuntime/7.32.2"
[2023-04-26T10:34:59.281] [INFO] default - ::1 - - "GET /project/getProject HTTP/1.1" 200 567 "" "PostmanRuntime/7.32.2"
[2023-04-26T10:35:06.488] [INFO] default - ::1 - - "POST /cmd/rollback HTTP/1.1" 200 87 "" "PostmanRuntime/7.32.2"
[2023-04-26T10:35:33.494] [INFO] default - ::1 - - "POST /cmd/rollback HTTP/1.1" 200 40 "" "PostmanRuntime/7.32.2"
[2023-04-26T10:48:28.116] [INFO] default - ::1 - - "POST /cmd/deploy HTTP/1.1" 200 40 "" "PostmanRuntime/7.32.2"
[2023-04-26T10:50:06.823] [INFO] default - ::1 - - "POST /cmd/rollback HTTP/1.1" 200 40 "" "PostmanRuntime/7.32.2"
[2023-04-26T10:57:57.022] [INFO] default - ::1 - - "POST /cmd/rollback HTTP/1.1" 200 40 "" "PostmanRuntime/7.32.2"
[2023-04-26T10:59:11.516] [INFO] default - ::1 - - "GET /logs/getlogs?projectId=64468235cfaecc9d4c3878cc HTTP/1.1" 200 1159 "" "PostmanRuntime/7.32.2"
[2023-04-26T10:59:44.805] [INFO] default - ::1 - - "GET /logs/getLogDetail?logId=64489334571d0efe4a2d5960 HTTP/1.1" 200 3401 "" "PostmanRuntime/7.32.2"
[2023-04-26T11:31:07.083] [INFO] default - ::1 - - "POST /cmd/deploy HTTP/1.1" 200 40 "" "PostmanRuntime/7.32.2"
[2023-04-26T11:31:17.558] [INFO] default - ::1 - - "GET /logs/getLogDetail?logId=64489afb41d53ca65be58513 HTTP/1.1" 200 38 "" "PostmanRuntime/7.32.2"
[2023-04-26T11:31:21.282] [INFO] default - ::1 - - "GET /logs/getLogDetail?logId=64489afb41d53ca65be58513 HTTP/1.1" 200 38 "" "PostmanRuntime/7.32.2"
[2023-04-26T11:32:16.348] [INFO] default - ::1 - - "GET /logs/getLogDetail?logId=64489afb41d53ca65be58513 HTTP/1.1" 200 38 "" "PostmanRuntime/7.32.2"
[2023-04-26T11:33:05.352] [INFO] default - ::1 - - "GET /logs/getLogDetail?logId=64489afb41d53ca65be58513 HTTP/1.1" 200 38 "" "PostmanRuntime/7.32.2"
[2023-04-26T11:33:28.566] [INFO] default - ::1 - - "GET /logs/getLogDetail?logId=64489afb41d53ca65be58513 HTTP/1.1" 200 38 "" "PostmanRuntime/7.32.2"
[2023-04-26T11:33:39.953] [INFO] default - ::1 - - "GET /logs/getLogDetail?logId=64489afb41d53ca65be58513 HTTP/1.1" 200 38 "" "PostmanRuntime/7.32.2"
[2023-04-26T11:34:00.087] [INFO] default - ::1 - - "GET /logs/getLogDetail?logId=64489afb41d53ca65be58513 HTTP/1.1" 200 12274 "" "PostmanRuntime/7.32.2"
[2023-04-26T11:35:36.675] [INFO] default - ::1 - - "GET /logs/getLogDetail?logId=64489afb41d53ca65be58513 HTTP/1.1" 200 12274 "" "PostmanRuntime/7.32.2"
[2023-04-26T11:35:45.515] [INFO] default - ::1 - - "GET /logs/getLogDetail?logId=64489afb41d53ca65be58513 HTTP/1.1" 200 12274 "" "PostmanRuntime/7.32.2"
[2023-04-26T11:38:45.249] [INFO] default - ::1 - - "GET /logs/getLogDetail?logId=64489afb41d53ca65be58513 HTTP/1.1" 200 12274 "" "PostmanRuntime/7.32.2"
[2023-04-26T11:39:08.537] [INFO] default - ::1 - - "POST /cmd/deploy HTTP/1.1" 200 40 "" "PostmanRuntime/7.32.2"
[2023-04-26T11:39:11.541] [INFO] default - ::1 - - "GET /logs/getLogDetail?logId=64489afb41d53ca65be58513 HTTP/1.1" 200 546 "" "PostmanRuntime/7.32.2"
[2023-04-26T11:41:21.390] [INFO] default - ::1 - - "GET /logs/getLogDetail?logId=64489afb41d53ca65be58513 HTTP/1.1" 200 38 "" "PostmanRuntime/7.32.2"
[2023-04-26T11:41:23.694] [INFO] default - ::1 - - "GET /logs/getLogDetail?logId=64489afb41d53ca65be58513 HTTP/1.1" 200 38 "" "PostmanRuntime/7.32.2"
[2023-04-26T11:41:27.079] [INFO] default - ::1 - - "GET /logs/getLogDetail?logId=64489afb41d53ca65be58513 HTTP/1.1" 200 38 "" "PostmanRuntime/7.32.2"
[2023-04-26T11:41:46.854] [INFO] default - ::1 - - "GET /logs/getLogDetail?logId=64489afb41d53ca65be58513 HTTP/1.1" 200 38 "" "PostmanRuntime/7.32.2"
[2023-04-26T11:42:35.108] [INFO] default - ::1 - - "GET /logs/getLogDetail?logId=64489afb41d53ca65be58513 HTTP/1.1" 200 38 "" "PostmanRuntime/7.32.2"
[2023-04-26T11:43:50.412] [INFO] default - ::1 - - "GET /logs/getLogDetail?logId=64489afb41d53ca65be58513 HTTP/1.1" 200 40 "" "PostmanRuntime/7.32.2"
[2023-04-26T11:44:36.774] [INFO] default - ::1 - - "POST /cmd/deploy HTTP/1.1" 200 40 "" "PostmanRuntime/7.32.2"
[2023-04-26T11:44:54.510] [INFO] default - ::1 - - "GET /logs/getLogDetail?logId=64489e24a5c03a0876af8325 HTTP/1.1" 200 40 "" "PostmanRuntime/7.32.2"
[2023-04-26T11:44:56.266] [INFO] default - ::1 - - "GET /logs/getLogDetail?logId=64489e24a5c03a0876af8325 HTTP/1.1" 200 40 "" "PostmanRuntime/7.32.2"
[2023-04-26T11:45:18.321] [INFO] default - ::1 - - "GET /logs/getLogDetail?logId=64489e24a5c03a0876af8325 HTTP/1.1" 200 40 "" "PostmanRuntime/7.32.2"
[2023-04-26T11:46:48.870] [INFO] default - ::1 - - "GET /logs/getLogDetail?logId=64489e24a5c03a0876af8325 HTTP/1.1" 200 40 "" "PostmanRuntime/7.32.2"
[2023-04-26T11:47:09.151] [INFO] default - ::1 - - "GET /logs/getLogDetail?logId=64489e24a5c03a0876af8325 HTTP/1.1" 200 12819 "" "PostmanRuntime/7.32.2"
[2023-04-26T11:48:46.838] [INFO] default - ::1 - - "GET /logs/getLogDetail?logId=64489e24a5c03a0876af8325 HTTP/1.1" 200 12819 "" "PostmanRuntime/7.32.2"
[2023-04-26T11:49:23.739] [INFO] default - ::1 - - "POST /cmd/deploy HTTP/1.1" 200 40 "" "PostmanRuntime/7.32.2"
[2023-04-26T11:49:52.796] [INFO] default - ::1 - - "GET /logs/getLogDetail?logId=64489f43a7ea13594aa3a566 HTTP/1.1" 200 12232 "" "PostmanRuntime/7.32.2"
[2023-04-26T11:54:51.765] [INFO] default - ::1 - - "GET /logs/getLogDetail?logId=64489f43a7ea13594aa3a566 HTTP/1.1" 200 12816 "" "PostmanRuntime/7.32.2"
[2023-04-26T12:02:16.435] [INFO] default - ::1 - - "GET /project/getProject HTTP/1.1" 200 567 "" "PostmanRuntime/7.32.2"
[2023-04-26T12:02:48.858] [INFO] default - ::1 - - "GET /cmd/services HTTP/1.1" 200 132 "" "PostmanRuntime/7.32.2"
[2023-04-26T12:02:53.267] [INFO] default - ::1 - - "POST /user/login HTTP/1.1" 200 234 "" "PostmanRuntime/7.32.2"
[2023-04-26T12:03:02.706] [INFO] default - ::1 - - "GET /cmd/services HTTP/1.1" 200 323 "" "PostmanRuntime/7.32.2"
[2023-04-26T12:03:58.917] [INFO] default - ::1 - - "GET /cmd/services HTTP/1.1" 200 325 "" "PostmanRuntime/7.32.2"
[2023-04-26T12:05:43.366] [INFO] default - ::1 - - "GET /cmd/services HTTP/1.1" 200 325 "" "PostmanRuntime/7.32.2"
[2023-04-26T12:13:17.451] [INFO] default - ::1 - - "POST /cmd/stopService HTTP/1.1" 200 132 "" "PostmanRuntime/7.32.2"
[2023-04-26T12:13:28.090] [INFO] default - ::1 - - "POST /cmd/stopService HTTP/1.1" 200 40 "" "PostmanRuntime/7.32.2"
[2023-04-26T12:13:33.395] [INFO] default - ::1 - - "POST /cmd/deploy HTTP/1.1" 200 40 "" "PostmanRuntime/7.32.2"
[2023-04-26T12:13:46.719] [INFO] default - ::1 - - "GET /cmd/services HTTP/1.1" 200 312 "" "PostmanRuntime/7.32.2"
[2023-04-26T12:13:55.528] [INFO] default - ::1 - - "POST /cmd/startService HTTP/1.1" 200 132 "" "PostmanRuntime/7.32.2"
[2023-04-26T12:14:01.562] [INFO] default - ::1 - - "POST /cmd/startService HTTP/1.1" 200 40 "" "PostmanRuntime/7.32.2"
[2023-04-26T12:14:10.709] [INFO] default - ::1 - - "GET /cmd/services HTTP/1.1" 200 323 "" "PostmanRuntime/7.32.2"
[2023-04-26T12:14:51.323] [INFO] default - ::1 - - "GET /project/getProject HTTP/1.1" 200 567 "" "PostmanRuntime/7.32.2"
[2023-04-26T12:15:44.929] [INFO] default - ::1 - - "GET /cmd/services?name=social-server HTTP/1.1" 200 325 "" "PostmanRuntime/7.32.2"
[2023-04-26T14:04:19.009] [INFO] default - ::1 - - "POST /cmd/deploy HTTP/1.1" 200 40 "" "PostmanRuntime/7.32.2"
[2023-04-26T14:06:47.959] [INFO] default - ::1 - - "POST /cmd/deploy HTTP/1.1" 200 40 "" "PostmanRuntime/7.32.2"
[2023-04-26T14:08:05.972] [INFO] default - ::1 - - "GET /logs/getLogDetail?logId=64489f43a7ea13594aa3a566 HTTP/1.1" 200 40 "" "PostmanRuntime/7.32.2"
[2023-04-26T14:08:27.093] [INFO] default - ::1 - - "GET /logs/getLogDetail?logId=6448bf77676cba2c1c141d91 HTTP/1.1" 200 19548 "" "PostmanRuntime/7.32.2"
[2023-04-26T14:08:55.436] [INFO] default - ::1 - - "GET /logs/getLogDetail?logId=6448bf77676cba2c1c141d91 HTTP/1.1" 200 21573 "" "PostmanRuntime/7.32.2"
[2023-04-26T14:38:31.826] [INFO] default - ::1 - - "POST /cmd/deploy HTTP/1.1" 200 40 "" "PostmanRuntime/7.32.2"
[2023-04-26T14:43:01.909] [INFO] default - ::1 - - "POST /cmd/deploy HTTP/1.1" 200 40 "" "PostmanRuntime/7.32.2"
[2023-04-26T14:47:42.560] [INFO] default - ::1 - - "POST /cmd/deploy HTTP/1.1" 200 132 "" "PostmanRuntime/7.32.2"
[2023-04-26T14:47:50.118] [INFO] default - ::1 - - "POST /user/login HTTP/1.1" 200 234 "" "PostmanRuntime/7.32.2"
[2023-04-26T14:47:59.469] [INFO] default - ::1 - - "POST /cmd/deploy HTTP/1.1" 200 40 "" "PostmanRuntime/7.32.2"
[2023-04-26T14:51:06.560] [INFO] default - ::1 - - "POST /cmd/deploy HTTP/1.1" 200 40 "" "PostmanRuntime/7.32.2"
[2023-04-26T14:54:41.390] [INFO] default - ::1 - - "POST /cmd/deploy HTTP/1.1" 200 40 "" "PostmanRuntime/7.32.2"
[2023-04-26T15:07:17.678] [INFO] default - ::1 - - "POST /cmd/deploy HTTP/1.1" 200 40 "" "PostmanRuntime/7.32.2"
[2023-04-26T15:10:03.175] [INFO] default - ::1 - - "POST /cmd/deploy HTTP/1.1" 200 40 "" "PostmanRuntime/7.32.2"
[2023-04-26T15:13:24.485] [INFO] default - ::1 - - "POST /cmd/deploy HTTP/1.1" 200 40 "" "PostmanRuntime/7.32.2"
[2023-04-26T15:20:14.394] [INFO] default - ::1 - - "POST /cmd/deploy HTTP/1.1" 200 40 "" "PostmanRuntime/7.32.2"
[2023-04-26T15:22:38.768] [INFO] default - ::1 - - "POST /cmd/deploy HTTP/1.1" 200 40 "" "PostmanRuntime/7.32.2"
[2023-04-26T15:50:25.983] [INFO] default - ::1 - - "GET /cmd/services?name=social-server HTTP/1.1" 200 331 "" "PostmanRuntime/7.32.2"
[2023-04-26T15:53:08.029] [INFO] default - ::1 - - "POST /cmd/deploy HTTP/1.1" 200 40 "" "PostmanRuntime/7.32.2"
[2023-04-26T16:01:29.013] [INFO] default - ::1 - - "POST /cmd/deploy HTTP/1.1" 200 40 "" "PostmanRuntime/7.32.2"
[2023-04-26T16:02:15.466] [INFO] default - ::1 - - "POST /cmd/deploy HTTP/1.1" 200 40 "" "PostmanRuntime/7.32.2"
[2023-04-26T16:20:43.366] [INFO] default - ::1 - - "POST /cmd/deploy HTTP/1.1" 200 40 "" "PostmanRuntime/7.32.2"
[2023-04-26T16:26:27.369] [INFO] default - ::1 - - "POST /cmd/deploy HTTP/1.1" 200 40 "" "PostmanRuntime/7.32.2"
[2023-04-26T16:28:54.185] [INFO] default - ::1 - - "POST /cmd/deploy HTTP/1.1" 200 40 "" "PostmanRuntime/7.32.2"
[2023-04-26T16:38:09.618] [INFO] default - ::1 - - "POST /cmd/deploy HTTP/1.1" 200 40 "" "PostmanRuntime/7.32.2"
[2023-04-26T16:40:16.714] [INFO] default - ::1 - - "GET /cmd/services?name=social-server HTTP/1.1" 200 332 "" "PostmanRuntime/7.32.2"
[2023-04-26T16:56:33.484] [INFO] default - ::1 - - "POST /cmd/deploy HTTP/1.1" 200 40 "" "PostmanRuntime/7.32.2"
[2023-04-26T16:57:07.490] [INFO] default - ::1 - - "POST /cmd/deploy HTTP/1.1" 200 40 "" "PostmanRuntime/7.32.2"
[2023-04-26T17:03:38.496] [INFO] default - ::1 - - "GET /logs/getLogDetail?logId=6448e76373bafef6e17e08f3 HTTP/1.1" 200 11953 "" "PostmanRuntime/7.32.2"
[2023-04-26T17:03:43.884] [INFO] default - ::1 - - "GET /logs/getLogDetail?logId=6448e76373bafef6e17e08f3 HTTP/1.1" 200 11953 "" "PostmanRuntime/7.32.2"
[2023-04-26T17:06:21.060] [INFO] default - ::1 - - "POST /cmd/deploy HTTP/1.1" 200 40 "" "PostmanRuntime/7.32.2"
[2023-04-26T17:08:22.006] [INFO] default - ::1 - - "POST /cmd/deploy HTTP/1.1" 200 40 "" "PostmanRuntime/7.32.2"
[2023-04-26T17:10:22.342] [INFO] default - ::1 - - "POST /cmd/deploy HTTP/1.1" 200 40 "" "PostmanRuntime/7.32.2"
[2023-04-26T17:13:00.447] [INFO] default - ::1 - - "POST /cmd/deploy HTTP/1.1" 200 40 "" "PostmanRuntime/7.32.2"
[2023-04-26T17:20:27.430] [INFO] default - ::1 - - "POST /cmd/deploy HTTP/1.1" 200 40 "" "PostmanRuntime/7.32.2"
[2023-04-26T17:34:25.698] [INFO] default - ::1 - - "POST /cmd/deploy HTTP/1.1" 200 132 "" "PostmanRuntime/7.32.2"
[2023-04-26T17:34:32.806] [INFO] default - ::1 - - "POST /user/login HTTP/1.1" 200 234 "" "PostmanRuntime/7.32.2"
[2023-04-26T17:34:43.975] [INFO] default - ::1 - - "POST /cmd/deploy HTTP/1.1" 200 40 "" "PostmanRuntime/7.32.2"
[2023-04-26T17:38:40.373] [INFO] default - ::1 - - "POST /cmd/deploy HTTP/1.1" 200 40 "" "PostmanRuntime/7.32.2"
[2023-04-26T17:40:00.621] [INFO] default - ::1 - - "GET /cmd/services?name=social-server HTTP/1.1" 200 132 "" "PostmanRuntime/7.32.2"
[2023-04-26T17:40:13.598] [INFO] default - ::1 - - "GET /cmd/services?name=social-server HTTP/1.1" 200 38 "" "PostmanRuntime/7.32.2"
[2023-04-26T17:40:17.492] [INFO] default - ::1 - - "GET /cmd/services?name=social-server HTTP/1.1" 200 38 "" "PostmanRuntime/7.32.2"
[2023-04-26T17:40:54.866] [INFO] default - ::1 - - "GET /cmd/services?name=social-server HTTP/1.1" 200 38 "" "PostmanRuntime/7.32.2"
[2023-04-26T17:40:59.581] [INFO] default - ::1 - - "GET /cmd/services HTTP/1.1" 200 38 "" "PostmanRuntime/7.32.2"
[2023-04-26T17:41:05.485] [INFO] default - ::1 - - "GET /cmd/services HTTP/1.1" 200 38 "" "PostmanRuntime/7.32.2"
[2023-04-26T17:42:37.265] [INFO] default - ::1 - - "GET /cmd/services HTTP/1.1" 200 38 "" "PostmanRuntime/7.32.2"
[2023-04-26T17:44:19.012] [INFO] default - ::1 - - "GET /cmd/services HTTP/1.1" 200 38 "" "PostmanRuntime/7.32.2"
[2023-04-26T17:45:36.912] [INFO] default - ::1 - - "GET /cmd/services HTTP/1.1" 200 38 "" "PostmanRuntime/7.32.2"
[2023-04-26T17:48:52.049] [INFO] default - ::1 - - "POST /cmd/deploy HTTP/1.1" 200 40 "" "PostmanRuntime/7.32.2"
[2023-04-26T17:50:37.910] [INFO] default - ::1 - - "POST /cmd/deploy HTTP/1.1" 200 40 "" "PostmanRuntime/7.32.2"
[2023-04-26T17:52:04.720] [INFO] default - ::1 - - "GET /cmd/services HTTP/1.1" 200 330 "" "PostmanRuntime/7.32.2"
[2023-04-26T18:00:54.652] [INFO] default - ::1 - - "GET /cmd/services HTTP/1.1" 200 77 "" "PostmanRuntime/7.32.2"
[2023-04-26T18:01:14.725] [INFO] default - ::1 - - "GET /cmd/services HTTP/1.1" 200 330 "" "PostmanRuntime/7.32.2"
[2023-04-26T18:01:31.061] [INFO] default - ::1 - - "GET /cmd/services?name=social-server HTTP/1.1" 200 330 "" "PostmanRuntime/7.32.2"
[2023-04-26T18:01:37.464] [INFO] default - ::1 - - "GET /cmd/services?name=1social-server HTTP/1.1" 200 330 "" "PostmanRuntime/7.32.2"
[2023-04-26T18:02:13.045] [INFO] default - ::1 - - "GET /cmd/services?name=1social-server HTTP/1.1" 200 330 "" "PostmanRuntime/7.32.2"
[2023-04-26T18:02:36.706] [INFO] default - ::1 - - "GET /cmd/services?name=1social-server HTTP/1.1" 200 330 "" "PostmanRuntime/7.32.2"
[2023-04-26T18:03:02.709] [INFO] default - ::1 - - "GET /cmd/services?name=1social-server HTTP/1.1" 200 330 "" "PostmanRuntime/7.32.2"
[2023-04-26T18:03:49.200] [INFO] default - ::1 - - "GET /cmd/services?name=1social-server HTTP/1.1" 200 330 "" "PostmanRuntime/7.32.2"
[2023-04-26T18:05:21.189] [INFO] default - ::1 - - "GET /cmd/services?name=1social-server HTTP/1.1" 200 38 "" "PostmanRuntime/7.32.2"
[2023-04-26T18:05:31.931] [INFO] default - ::1 - - "GET /cmd/services?name=social-server HTTP/1.1" 200 330 "" "PostmanRuntime/7.32.2"
[2023-04-26T18:11:53.918] [INFO] default - ::1 - - "GET /cmd/services?name=social-server HTTP/1.1" 200 330 "" "PostmanRuntime/7.32.2"
[2023-04-26T19:15:19.441] [INFO] default - ::1 - - "POST /user/login HTTP/1.1" 200 234 "" "PostmanRuntime/7.32.2"
[2023-04-26T19:15:30.278] [INFO] default - ::1 - - "POST /project/delProject HTTP/1.1" 200 41 "" "PostmanRuntime/7.32.2"
[2023-04-26T19:26:51.188] [INFO] default - ::1 - - "POST /project/delProject HTTP/1.1" 200 41 "" "PostmanRuntime/7.32.2"
[2023-04-26T19:28:47.198] [INFO] default - ::1 - - "POST /project/delProject HTTP/1.1" 200 41 "" "PostmanRuntime/7.32.2"
[2023-04-26T19:31:32.545] [INFO] default - ::1 - - "POST /project/delProject HTTP/1.1" 200 41 "" "PostmanRuntime/7.32.2"
[2023-04-26T19:31:54.181] [INFO] default - ::1 - - "POST /project/delProject HTTP/1.1" 200 41 "" "PostmanRuntime/7.32.2"
[2023-04-26T19:32:34.490] [INFO] default - ::1 - - "POST /project/delProject HTTP/1.1" 200 41 "" "PostmanRuntime/7.32.2"
[2023-04-26T19:32:49.684] [INFO] default - ::1 - - "POST /project/delProject HTTP/1.1" 200 41 "" "PostmanRuntime/7.32.2"
[2023-04-26T19:34:22.043] [INFO] default - ::1 - - "POST /project/delProject HTTP/1.1" 200 40 "" "PostmanRuntime/7.32.2"
[2023-04-26T19:34:58.089] [INFO] default - ::1 - - "POST /project/create HTTP/1.1" 200 132 "" "PostmanRuntime/7.32.2"
[2023-04-26T19:35:11.016] [INFO] default - ::1 - - "POST /project/create HTTP/1.1" 200 40 "" "PostmanRuntime/7.32.2"
[2023-04-26T19:35:44.502] [INFO] default - ::1 - - "POST /project/create HTTP/1.1" 200 40 "" "PostmanRuntime/7.32.2"
[2023-04-26T19:40:58.622] [INFO] default - ::1 - - "POST /project/create HTTP/1.1" 200 40 "" "PostmanRuntime/7.32.2"
[2023-04-26T19:41:11.725] [INFO] default - ::1 - - "POST /project/create HTTP/1.1" 200 40 "" "PostmanRuntime/7.32.2"
[2023-04-26T19:43:07.088] [INFO] default - ::1 - - "POST /cmd/deploy HTTP/1.1" 200 40 "" "PostmanRuntime/7.32.2"
[2023-04-26T19:44:27.867] [INFO] default - ::1 - - "POST /cmd/deploy HTTP/1.1" 200 40 "" "PostmanRuntime/7.32.2"
[2023-04-26T19:47:30.238] [INFO] default - ::1 - - "POST /cmd/deploy HTTP/1.1" 200 40 "" "PostmanRuntime/7.32.2"
